#
# A fatal error has been detected by the Java Runtime Environment:
#
#  Internal Error (./open/src/hotspot/share/interpreter/oopMapCache.cpp:111), pid=9464, tid=15100
#  Error: ShouldNotReachHere()
#
# JRE version: Java(TM) SE Runtime Environment (14.0.1+7) (build 14.0.1+7)
# Java VM: Java HotSpot(TM) 64-Bit Server VM (14.0.1+7, mixed mode, sharing, tiered, compressed oops, g1 gc, windows-amd64)
# No core dump will be written. Minidumps are not enabled by default on client versions of Windows
#
# If you would like to submit a bug report, please visit:
#   https://bugreport.java.com/bugreport/crash.jsp
#

---------------  S U M M A R Y ------------

Command Line: -agentlib:jdwp=transport=dt_socket,suspend=y,address=localhost:51256 -javaagent:C:\Users\Pankaj\java-2020-032\eclipse\configuration\org.eclipse.osgi\223\0\.cp\lib\javaagent-shaded.jar -Dfile.encoding=Cp1252 task1.ReverseCharacter

Host: Intel(R) Core(TM) i5-8250U CPU @ 1.60GHz, 8 cores, 7G,  Windows 10 , 64 bit Build 18362 (10.0.18362.959)
Time: Mon Dec 21 10:59:40 2020 India Standard Time elapsed time: 594 seconds (0d 0h 9m 54s)

---------------  T H R E A D  ---------------

Current thread (0x0000019bb51e1000):  JavaThread "JDWP Transport Listener: dt_socket" daemon [_thread_in_vm, id=15100, stack(0x00000017f0600000,0x00000017f0700000)]

Stack: [0x00000017f0600000,0x00000017f0700000]
Native frames: (J=compiled Java code, j=interpreted, Vv=VM code, C=native code)
V  [jvm.dll+0x5f840a]
V  [jvm.dll+0x741e4a]
V  [jvm.dll+0x7435ff]
V  [jvm.dll+0x743bf7]
V  [jvm.dll+0x20d20c]
V  [jvm.dll+0x20d173]
V  [jvm.dll+0x5e754f]
V  [jvm.dll+0x5e72ad]
V  [jvm.dll+0x5af2b3]
V  [jvm.dll+0x7394bf]
V  [jvm.dll+0x4bee71]
V  [jvm.dll+0x748a5b]
V  [jvm.dll+0x4a535b]
V  [jvm.dll+0x46f2db]
C  [jdwp.dll+0x7e65]


---------------  P R O C E S S  ---------------

Threads class SMR info:
_java_thread_list=0x0000019bb57b7f30, length=14, elements={
0x0000019b936bb800, 0x0000019bb4713000, 0x0000019bb4715000, 0x0000019bb472e000,
0x0000019bb472f000, 0x0000019bb4731800, 0x0000019bb473b000, 0x0000019bb473c000,
0x0000019bb4758800, 0x0000019bb515b800, 0x0000019bb51e1000, 0x0000019bb51e2800,
0x0000019bb51e6000, 0x0000019bb529e000
}

Java Threads: ( => current thread )
  0x0000019b936bb800 JavaThread "main" [_thread_blocked, id=13968, stack(0x00000017ef500000,0x00000017ef600000)]
  0x0000019bb4713000 JavaThread "Reference Handler" daemon [_thread_blocked, id=8556, stack(0x00000017efc00000,0x00000017efd00000)]
  0x0000019bb4715000 JavaThread "Finalizer" daemon [_thread_blocked, id=14404, stack(0x00000017efd00000,0x00000017efe00000)]
  0x0000019bb472e000 JavaThread "Signal Dispatcher" daemon [_thread_blocked, id=10316, stack(0x00000017efe00000,0x00000017eff00000)]
  0x0000019bb472f000 JavaThread "Attach Listener" daemon [_thread_blocked, id=9536, stack(0x00000017eff00000,0x00000017f0000000)]
  0x0000019bb4731800 JavaThread "Service Thread" daemon [_thread_blocked, id=4956, stack(0x00000017f0000000,0x00000017f0100000)]
  0x0000019bb473b000 JavaThread "C2 CompilerThread0" daemon [_thread_blocked, id=9864, stack(0x00000017f0100000,0x00000017f0200000)]
  0x0000019bb473c000 JavaThread "C1 CompilerThread0" daemon [_thread_blocked, id=7896, stack(0x00000017f0200000,0x00000017f0300000)]
  0x0000019bb4758800 JavaThread "Sweeper thread" daemon [_thread_blocked, id=14156, stack(0x00000017f0300000,0x00000017f0400000)]
  0x0000019bb515b800 JavaThread "Common-Cleaner" daemon [_thread_blocked, id=11336, stack(0x00000017f0400000,0x00000017f0500000)]
=>0x0000019bb51e1000 JavaThread "JDWP Transport Listener: dt_socket" daemon [_thread_in_vm, id=15100, stack(0x00000017f0600000,0x00000017f0700000)]
  0x0000019bb51e2800 JavaThread "JDWP Event Helper Thread" daemon [_thread_blocked, id=4360, stack(0x00000017f0700000,0x00000017f0800000)]
  0x0000019bb51e6000 JavaThread "JDWP Command Reader" daemon [_thread_in_native, id=8404, stack(0x00000017f0800000,0x00000017f0900000)]
  0x0000019bb529e000 JavaThread "Notification Thread" daemon [_thread_blocked, id=15352, stack(0x00000017f0900000,0x00000017f0a00000)]

Other Threads:
  0x0000019bb470c800 VMThread "VM Thread" [stack: 0x00000017efb00000,0x00000017efc00000] [id=680]
  0x0000019bb57b8800 WatcherThread [stack: 0x00000017f0a00000,0x00000017f0b00000] [id=13000]
  0x0000019b936fe000 GCTaskThread "GC Thread#0" [stack: 0x00000017ef600000,0x00000017ef700000] [id=10944]
  0x0000019b93711000 ConcurrentGCThread "G1 Main Marker" [stack: 0x00000017ef700000,0x00000017ef800000] [id=10108]
  0x0000019b93712000 ConcurrentGCThread "G1 Conc#0" [stack: 0x00000017ef800000,0x00000017ef900000] [id=14648]
  0x0000019bb4581800 ConcurrentGCThread "G1 Refine#0" [stack: 0x00000017ef900000,0x00000017efa00000] [id=8520]
  0x0000019bb4582800 ConcurrentGCThread "G1 Young RemSet Sampling" [stack: 0x00000017efa00000,0x00000017efb00000] [id=1568]

Threads with active compile tasks:

VM state:not at safepoint (normal execution)

VM Mutex/Monitor currently owned by a thread: None

Heap address: 0x0000000081400000, size: 2028 MB, Compressed Oops mode: 32-bit
Narrow klass base: 0x0000000800000000, Narrow klass shift: 3
Compressed class space size: 1073741824 Address: 0x0000000800b30000

Heap:
 garbage-first heap   total 131072K, used 4096K [0x0000000081400000, 0x0000000100000000)
  region size 1024K, 5 young (5120K), 0 survivors (0K)
 Metaspace       used 2758K, capacity 4909K, committed 5120K, reserved 1056768K
  class space    used 258K, capacity 443K, committed 512K, reserved 1048576K
Heap Regions: E=young(eden), S=young(survivor), O=old, HS=humongous(starts), HC=humongous(continues), CS=collection set, F=free, OA=open archive, CA=closed archive, TAMS=top-at-mark-start (previous, next)
|   0|0x0000000081400000, 0x0000000081400000, 0x0000000081500000|  0%| F|  |TAMS 0x0000000081400000, 0x0000000081400000| Untracked 
|   1|0x0000000081500000, 0x0000000081500000, 0x0000000081600000|  0%| F|  |TAMS 0x0000000081500000, 0x0000000081500000| Untracked 
|   2|0x0000000081600000, 0x0000000081600000, 0x0000000081700000|  0%| F|  |TAMS 0x0000000081600000, 0x0000000081600000| Untracked 
|   3|0x0000000081700000, 0x0000000081700000, 0x0000000081800000|  0%| F|  |TAMS 0x0000000081700000, 0x0000000081700000| Untracked 
|   4|0x0000000081800000, 0x0000000081800000, 0x0000000081900000|  0%| F|  |TAMS 0x0000000081800000, 0x0000000081800000| Untracked 
|   5|0x0000000081900000, 0x0000000081900000, 0x0000000081a00000|  0%| F|  |TAMS 0x0000000081900000, 0x0000000081900000| Untracked 
|   6|0x0000000081a00000, 0x0000000081a00000, 0x0000000081b00000|  0%| F|  |TAMS 0x0000000081a00000, 0x0000000081a00000| Untracked 
|   7|0x0000000081b00000, 0x0000000081b00000, 0x0000000081c00000|  0%| F|  |TAMS 0x0000000081b00000, 0x0000000081b00000| Untracked 
|   8|0x0000000081c00000, 0x0000000081c00000, 0x0000000081d00000|  0%| F|  |TAMS 0x0000000081c00000, 0x0000000081c00000| Untracked 
|   9|0x0000000081d00000, 0x0000000081d00000, 0x0000000081e00000|  0%| F|  |TAMS 0x0000000081d00000, 0x0000000081d00000| Untracked 
|  10|0x0000000081e00000, 0x0000000081e00000, 0x0000000081f00000|  0%| F|  |TAMS 0x0000000081e00000, 0x0000000081e00000| Untracked 
|  11|0x0000000081f00000, 0x0000000081f00000, 0x0000000082000000|  0%| F|  |TAMS 0x0000000081f00000, 0x0000000081f00000| Untracked 
|  12|0x0000000082000000, 0x0000000082000000, 0x0000000082100000|  0%| F|  |TAMS 0x0000000082000000, 0x0000000082000000| Untracked 
|  13|0x0000000082100000, 0x0000000082100000, 0x0000000082200000|  0%| F|  |TAMS 0x0000000082100000, 0x0000000082100000| Untracked 
|  14|0x0000000082200000, 0x0000000082200000, 0x0000000082300000|  0%| F|  |TAMS 0x0000000082200000, 0x0000000082200000| Untracked 
|  15|0x0000000082300000, 0x0000000082300000, 0x0000000082400000|  0%| F|  |TAMS 0x0000000082300000, 0x0000000082300000| Untracked 
|  16|0x0000000082400000, 0x0000000082400000, 0x0000000082500000|  0%| F|  |TAMS 0x0000000082400000, 0x0000000082400000| Untracked 
|  17|0x0000000082500000, 0x0000000082500000, 0x0000000082600000|  0%| F|  |TAMS 0x0000000082500000, 0x0000000082500000| Untracked 
|  18|0x0000000082600000, 0x0000000082600000, 0x0000000082700000|  0%| F|  |TAMS 0x0000000082600000, 0x0000000082600000| Untracked 
|  19|0x0000000082700000, 0x0000000082700000, 0x0000000082800000|  0%| F|  |TAMS 0x0000000082700000, 0x0000000082700000| Untracked 
|  20|0x0000000082800000, 0x0000000082800000, 0x0000000082900000|  0%| F|  |TAMS 0x0000000082800000, 0x0000000082800000| Untracked 
|  21|0x0000000082900000, 0x0000000082900000, 0x0000000082a00000|  0%| F|  |TAMS 0x0000000082900000, 0x0000000082900000| Untracked 
|  22|0x0000000082a00000, 0x0000000082a00000, 0x0000000082b00000|  0%| F|  |TAMS 0x0000000082a00000, 0x0000000082a00000| Untracked 
|  23|0x0000000082b00000, 0x0000000082b00000, 0x0000000082c00000|  0%| F|  |TAMS 0x0000000082b00000, 0x0000000082b00000| Untracked 
|  24|0x0000000082c00000, 0x0000000082c00000, 0x0000000082d00000|  0%| F|  |TAMS 0x0000000082c00000, 0x0000000082c00000| Untracked 
|  25|0x0000000082d00000, 0x0000000082d00000, 0x0000000082e00000|  0%| F|  |TAMS 0x0000000082d00000, 0x0000000082d00000| Untracked 
|  26|0x0000000082e00000, 0x0000000082e00000, 0x0000000082f00000|  0%| F|  |TAMS 0x0000000082e00000, 0x0000000082e00000| Untracked 
|  27|0x0000000082f00000, 0x0000000082f00000, 0x0000000083000000|  0%| F|  |TAMS 0x0000000082f00000, 0x0000000082f00000| Untracked 
|  28|0x0000000083000000, 0x0000000083000000, 0x0000000083100000|  0%| F|  |TAMS 0x0000000083000000, 0x0000000083000000| Untracked 
|  29|0x0000000083100000, 0x0000000083100000, 0x0000000083200000|  0%| F|  |TAMS 0x0000000083100000, 0x0000000083100000| Untracked 
|  30|0x0000000083200000, 0x0000000083200000, 0x0000000083300000|  0%| F|  |TAMS 0x0000000083200000, 0x0000000083200000| Untracked 
|  31|0x0000000083300000, 0x0000000083300000, 0x0000000083400000|  0%| F|  |TAMS 0x0000000083300000, 0x0000000083300000| Untracked 
|  32|0x0000000083400000, 0x0000000083400000, 0x0000000083500000|  0%| F|  |TAMS 0x0000000083400000, 0x0000000083400000| Untracked 
|  33|0x0000000083500000, 0x0000000083500000, 0x0000000083600000|  0%| F|  |TAMS 0x0000000083500000, 0x0000000083500000| Untracked 
|  34|0x0000000083600000, 0x0000000083600000, 0x0000000083700000|  0%| F|  |TAMS 0x0000000083600000, 0x0000000083600000| Untracked 
|  35|0x0000000083700000, 0x0000000083700000, 0x0000000083800000|  0%| F|  |TAMS 0x0000000083700000, 0x0000000083700000| Untracked 
|  36|0x0000000083800000, 0x0000000083800000, 0x0000000083900000|  0%| F|  |TAMS 0x0000000083800000, 0x0000000083800000| Untracked 
|  37|0x0000000083900000, 0x0000000083900000, 0x0000000083a00000|  0%| F|  |TAMS 0x0000000083900000, 0x0000000083900000| Untracked 
|  38|0x0000000083a00000, 0x0000000083a00000, 0x0000000083b00000|  0%| F|  |TAMS 0x0000000083a00000, 0x0000000083a00000| Untracked 
|  39|0x0000000083b00000, 0x0000000083b00000, 0x0000000083c00000|  0%| F|  |TAMS 0x0000000083b00000, 0x0000000083b00000| Untracked 
|  40|0x0000000083c00000, 0x0000000083c00000, 0x0000000083d00000|  0%| F|  |TAMS 0x0000000083c00000, 0x0000000083c00000| Untracked 
|  41|0x0000000083d00000, 0x0000000083d00000, 0x0000000083e00000|  0%| F|  |TAMS 0x0000000083d00000, 0x0000000083d00000| Untracked 
|  42|0x0000000083e00000, 0x0000000083e00000, 0x0000000083f00000|  0%| F|  |TAMS 0x0000000083e00000, 0x0000000083e00000| Untracked 
|  43|0x0000000083f00000, 0x0000000083f00000, 0x0000000084000000|  0%| F|  |TAMS 0x0000000083f00000, 0x0000000083f00000| Untracked 
|  44|0x0000000084000000, 0x0000000084000000, 0x0000000084100000|  0%| F|  |TAMS 0x0000000084000000, 0x0000000084000000| Untracked 
|  45|0x0000000084100000, 0x0000000084100000, 0x0000000084200000|  0%| F|  |TAMS 0x0000000084100000, 0x0000000084100000| Untracked 
|  46|0x0000000084200000, 0x0000000084200000, 0x0000000084300000|  0%| F|  |TAMS 0x0000000084200000, 0x0000000084200000| Untracked 
|  47|0x0000000084300000, 0x0000000084300000, 0x0000000084400000|  0%| F|  |TAMS 0x0000000084300000, 0x0000000084300000| Untracked 
|  48|0x0000000084400000, 0x0000000084400000, 0x0000000084500000|  0%| F|  |TAMS 0x0000000084400000, 0x0000000084400000| Untracked 
|  49|0x0000000084500000, 0x0000000084500000, 0x0000000084600000|  0%| F|  |TAMS 0x0000000084500000, 0x0000000084500000| Untracked 
|  50|0x0000000084600000, 0x0000000084600000, 0x0000000084700000|  0%| F|  |TAMS 0x0000000084600000, 0x0000000084600000| Untracked 
|  51|0x0000000084700000, 0x0000000084700000, 0x0000000084800000|  0%| F|  |TAMS 0x0000000084700000, 0x0000000084700000| Untracked 
|  52|0x0000000084800000, 0x0000000084800000, 0x0000000084900000|  0%| F|  |TAMS 0x0000000084800000, 0x0000000084800000| Untracked 
|  53|0x0000000084900000, 0x0000000084900000, 0x0000000084a00000|  0%| F|  |TAMS 0x0000000084900000, 0x0000000084900000| Untracked 
|  54|0x0000000084a00000, 0x0000000084a00000, 0x0000000084b00000|  0%| F|  |TAMS 0x0000000084a00000, 0x0000000084a00000| Untracked 
|  55|0x0000000084b00000, 0x0000000084b00000, 0x0000000084c00000|  0%| F|  |TAMS 0x0000000084b00000, 0x0000000084b00000| Untracked 
|  56|0x0000000084c00000, 0x0000000084c00000, 0x0000000084d00000|  0%| F|  |TAMS 0x0000000084c00000, 0x0000000084c00000| Untracked 
|  57|0x0000000084d00000, 0x0000000084d00000, 0x0000000084e00000|  0%| F|  |TAMS 0x0000000084d00000, 0x0000000084d00000| Untracked 
|  58|0x0000000084e00000, 0x0000000084e00000, 0x0000000084f00000|  0%| F|  |TAMS 0x0000000084e00000, 0x0000000084e00000| Untracked 
|  59|0x0000000084f00000, 0x0000000084f00000, 0x0000000085000000|  0%| F|  |TAMS 0x0000000084f00000, 0x0000000084f00000| Untracked 
|  60|0x0000000085000000, 0x0000000085000000, 0x0000000085100000|  0%| F|  |TAMS 0x0000000085000000, 0x0000000085000000| Untracked 
|  61|0x0000000085100000, 0x0000000085100000, 0x0000000085200000|  0%| F|  |TAMS 0x0000000085100000, 0x0000000085100000| Untracked 
|  62|0x0000000085200000, 0x0000000085200000, 0x0000000085300000|  0%| F|  |TAMS 0x0000000085200000, 0x0000000085200000| Untracked 
|  63|0x0000000085300000, 0x0000000085300000, 0x0000000085400000|  0%| F|  |TAMS 0x0000000085300000, 0x0000000085300000| Untracked 
|  64|0x0000000085400000, 0x0000000085400000, 0x0000000085500000|  0%| F|  |TAMS 0x0000000085400000, 0x0000000085400000| Untracked 
|  65|0x0000000085500000, 0x0000000085500000, 0x0000000085600000|  0%| F|  |TAMS 0x0000000085500000, 0x0000000085500000| Untracked 
|  66|0x0000000085600000, 0x0000000085600000, 0x0000000085700000|  0%| F|  |TAMS 0x0000000085600000, 0x0000000085600000| Untracked 
|  67|0x0000000085700000, 0x0000000085700000, 0x0000000085800000|  0%| F|  |TAMS 0x0000000085700000, 0x0000000085700000| Untracked 
|  68|0x0000000085800000, 0x0000000085800000, 0x0000000085900000|  0%| F|  |TAMS 0x0000000085800000, 0x0000000085800000| Untracked 
|  69|0x0000000085900000, 0x0000000085900000, 0x0000000085a00000|  0%| F|  |TAMS 0x0000000085900000, 0x0000000085900000| Untracked 
|  70|0x0000000085a00000, 0x0000000085a00000, 0x0000000085b00000|  0%| F|  |TAMS 0x0000000085a00000, 0x0000000085a00000| Untracked 
|  71|0x0000000085b00000, 0x0000000085b00000, 0x0000000085c00000|  0%| F|  |TAMS 0x0000000085b00000, 0x0000000085b00000| Untracked 
|  72|0x0000000085c00000, 0x0000000085c00000, 0x0000000085d00000|  0%| F|  |TAMS 0x0000000085c00000, 0x0000000085c00000| Untracked 
|  73|0x0000000085d00000, 0x0000000085d00000, 0x0000000085e00000|  0%| F|  |TAMS 0x0000000085d00000, 0x0000000085d00000| Untracked 
|  74|0x0000000085e00000, 0x0000000085e00000, 0x0000000085f00000|  0%| F|  |TAMS 0x0000000085e00000, 0x0000000085e00000| Untracked 
|  75|0x0000000085f00000, 0x0000000085f00000, 0x0000000086000000|  0%| F|  |TAMS 0x0000000085f00000, 0x0000000085f00000| Untracked 
|  76|0x0000000086000000, 0x0000000086000000, 0x0000000086100000|  0%| F|  |TAMS 0x0000000086000000, 0x0000000086000000| Untracked 
|  77|0x0000000086100000, 0x0000000086100000, 0x0000000086200000|  0%| F|  |TAMS 0x0000000086100000, 0x0000000086100000| Untracked 
|  78|0x0000000086200000, 0x0000000086200000, 0x0000000086300000|  0%| F|  |TAMS 0x0000000086200000, 0x0000000086200000| Untracked 
|  79|0x0000000086300000, 0x0000000086300000, 0x0000000086400000|  0%| F|  |TAMS 0x0000000086300000, 0x0000000086300000| Untracked 
|  80|0x0000000086400000, 0x0000000086400000, 0x0000000086500000|  0%| F|  |TAMS 0x0000000086400000, 0x0000000086400000| Untracked 
|  81|0x0000000086500000, 0x0000000086500000, 0x0000000086600000|  0%| F|  |TAMS 0x0000000086500000, 0x0000000086500000| Untracked 
|  82|0x0000000086600000, 0x0000000086600000, 0x0000000086700000|  0%| F|  |TAMS 0x0000000086600000, 0x0000000086600000| Untracked 
|  83|0x0000000086700000, 0x0000000086700000, 0x0000000086800000|  0%| F|  |TAMS 0x0000000086700000, 0x0000000086700000| Untracked 
|  84|0x0000000086800000, 0x0000000086800000, 0x0000000086900000|  0%| F|  |TAMS 0x0000000086800000, 0x0000000086800000| Untracked 
|  85|0x0000000086900000, 0x0000000086900000, 0x0000000086a00000|  0%| F|  |TAMS 0x0000000086900000, 0x0000000086900000| Untracked 
|  86|0x0000000086a00000, 0x0000000086a00000, 0x0000000086b00000|  0%| F|  |TAMS 0x0000000086a00000, 0x0000000086a00000| Untracked 
|  87|0x0000000086b00000, 0x0000000086b00000, 0x0000000086c00000|  0%| F|  |TAMS 0x0000000086b00000, 0x0000000086b00000| Untracked 
|  88|0x0000000086c00000, 0x0000000086c00000, 0x0000000086d00000|  0%| F|  |TAMS 0x0000000086c00000, 0x0000000086c00000| Untracked 
|  89|0x0000000086d00000, 0x0000000086d00000, 0x0000000086e00000|  0%| F|  |TAMS 0x0000000086d00000, 0x0000000086d00000| Untracked 
|  90|0x0000000086e00000, 0x0000000086e00000, 0x0000000086f00000|  0%| F|  |TAMS 0x0000000086e00000, 0x0000000086e00000| Untracked 
|  91|0x0000000086f00000, 0x0000000086f00000, 0x0000000087000000|  0%| F|  |TAMS 0x0000000086f00000, 0x0000000086f00000| Untracked 
|  92|0x0000000087000000, 0x0000000087000000, 0x0000000087100000|  0%| F|  |TAMS 0x0000000087000000, 0x0000000087000000| Untracked 
|  93|0x0000000087100000, 0x0000000087100000, 0x0000000087200000|  0%| F|  |TAMS 0x0000000087100000, 0x0000000087100000| Untracked 
|  94|0x0000000087200000, 0x0000000087200000, 0x0000000087300000|  0%| F|  |TAMS 0x0000000087200000, 0x0000000087200000| Untracked 
|  95|0x0000000087300000, 0x0000000087300000, 0x0000000087400000|  0%| F|  |TAMS 0x0000000087300000, 0x0000000087300000| Untracked 
|  96|0x0000000087400000, 0x0000000087400000, 0x0000000087500000|  0%| F|  |TAMS 0x0000000087400000, 0x0000000087400000| Untracked 
|  97|0x0000000087500000, 0x0000000087500000, 0x0000000087600000|  0%| F|  |TAMS 0x0000000087500000, 0x0000000087500000| Untracked 
|  98|0x0000000087600000, 0x0000000087600000, 0x0000000087700000|  0%| F|  |TAMS 0x0000000087600000, 0x0000000087600000| Untracked 
|  99|0x0000000087700000, 0x0000000087700000, 0x0000000087800000|  0%| F|  |TAMS 0x0000000087700000, 0x0000000087700000| Untracked 
| 100|0x0000000087800000, 0x0000000087800000, 0x0000000087900000|  0%| F|  |TAMS 0x0000000087800000, 0x0000000087800000| Untracked 
| 101|0x0000000087900000, 0x0000000087900000, 0x0000000087a00000|  0%| F|  |TAMS 0x0000000087900000, 0x0000000087900000| Untracked 
| 102|0x0000000087a00000, 0x0000000087a00000, 0x0000000087b00000|  0%| F|  |TAMS 0x0000000087a00000, 0x0000000087a00000| Untracked 
| 103|0x0000000087b00000, 0x0000000087b00000, 0x0000000087c00000|  0%| F|  |TAMS 0x0000000087b00000, 0x0000000087b00000| Untracked 
| 104|0x0000000087c00000, 0x0000000087c00000, 0x0000000087d00000|  0%| F|  |TAMS 0x0000000087c00000, 0x0000000087c00000| Untracked 
| 105|0x0000000087d00000, 0x0000000087d00000, 0x0000000087e00000|  0%| F|  |TAMS 0x0000000087d00000, 0x0000000087d00000| Untracked 
| 106|0x0000000087e00000, 0x0000000087e00000, 0x0000000087f00000|  0%| F|  |TAMS 0x0000000087e00000, 0x0000000087e00000| Untracked 
| 107|0x0000000087f00000, 0x0000000087f00000, 0x0000000088000000|  0%| F|  |TAMS 0x0000000087f00000, 0x0000000087f00000| Untracked 
| 108|0x0000000088000000, 0x0000000088000000, 0x0000000088100000|  0%| F|  |TAMS 0x0000000088000000, 0x0000000088000000| Untracked 
| 109|0x0000000088100000, 0x0000000088100000, 0x0000000088200000|  0%| F|  |TAMS 0x0000000088100000, 0x0000000088100000| Untracked 
| 110|0x0000000088200000, 0x0000000088200000, 0x0000000088300000|  0%| F|  |TAMS 0x0000000088200000, 0x0000000088200000| Untracked 
| 111|0x0000000088300000, 0x0000000088300000, 0x0000000088400000|  0%| F|  |TAMS 0x0000000088300000, 0x0000000088300000| Untracked 
| 112|0x0000000088400000, 0x0000000088400000, 0x0000000088500000|  0%| F|  |TAMS 0x0000000088400000, 0x0000000088400000| Untracked 
| 113|0x0000000088500000, 0x0000000088500000, 0x0000000088600000|  0%| F|  |TAMS 0x0000000088500000, 0x0000000088500000| Untracked 
| 114|0x0000000088600000, 0x0000000088600000, 0x0000000088700000|  0%| F|  |TAMS 0x0000000088600000, 0x0000000088600000| Untracked 
| 115|0x0000000088700000, 0x0000000088700000, 0x0000000088800000|  0%| F|  |TAMS 0x0000000088700000, 0x0000000088700000| Untracked 
| 116|0x0000000088800000, 0x0000000088800000, 0x0000000088900000|  0%| F|  |TAMS 0x0000000088800000, 0x0000000088800000| Untracked 
| 117|0x0000000088900000, 0x0000000088900000, 0x0000000088a00000|  0%| F|  |TAMS 0x0000000088900000, 0x0000000088900000| Untracked 
| 118|0x0000000088a00000, 0x0000000088a00000, 0x0000000088b00000|  0%| F|  |TAMS 0x0000000088a00000, 0x0000000088a00000| Untracked 
| 119|0x0000000088b00000, 0x0000000088b00000, 0x0000000088c00000|  0%| F|  |TAMS 0x0000000088b00000, 0x0000000088b00000| Untracked 
| 120|0x0000000088c00000, 0x0000000088c00000, 0x0000000088d00000|  0%| F|  |TAMS 0x0000000088c00000, 0x0000000088c00000| Untracked 
| 121|0x0000000088d00000, 0x0000000088d00000, 0x0000000088e00000|  0%| F|  |TAMS 0x0000000088d00000, 0x0000000088d00000| Untracked 
| 122|0x0000000088e00000, 0x0000000088e00000, 0x0000000088f00000|  0%| F|  |TAMS 0x0000000088e00000, 0x0000000088e00000| Untracked 
| 123|0x0000000088f00000, 0x0000000088febf00, 0x0000000089000000| 92%| E|  |TAMS 0x0000000088f00000, 0x0000000088f00000| Complete 
| 124|0x0000000089000000, 0x0000000089100000, 0x0000000089100000|100%| E|CS|TAMS 0x0000000089000000, 0x0000000089000000| Complete 
| 125|0x0000000089100000, 0x0000000089200000, 0x0000000089200000|100%| E|CS|TAMS 0x0000000089100000, 0x0000000089100000| Complete 
| 126|0x0000000089200000, 0x0000000089300000, 0x0000000089300000|100%| E|CS|TAMS 0x0000000089200000, 0x0000000089200000| Complete 
| 127|0x0000000089300000, 0x0000000089400000, 0x0000000089400000|100%| E|CS|TAMS 0x0000000089300000, 0x0000000089300000| Complete 

Card table byte_map: [0x0000019bad4f0000,0x0000019bad8f0000] _byte_map_base: 0x0000019bad0e6000

Marking Bits (Prev, Next): (CMBitMap*) 0x0000019b936fe978, (CMBitMap*) 0x0000019b936fe9b8
 Prev Bits: [0x0000019badcf0000, 0x0000019bafca0000)
 Next Bits: [0x0000019bafca0000, 0x0000019bb1c50000)

Polling page: 0x0000019b93790000

Metaspace:

Usage:
  Non-class:      4.36 MB capacity,     2.44 MB ( 56%) used,     1.92 MB ( 44%) free+waste,     2.75 KB ( <1%) overhead. 
      Class:    443.00 KB capacity,   258.71 KB ( 58%) used,   182.73 KB ( 41%) free+waste,     1.56 KB ( <1%) overhead. 
       Both:      4.79 MB capacity,     2.69 MB ( 56%) used,     2.10 MB ( 44%) free+waste,     4.31 KB ( <1%) overhead. 

Virtual space:
  Non-class space:        8.00 MB reserved,       4.50 MB ( 56%) committed 
      Class space:        1.00 GB reserved,     512.00 KB ( <1%) committed 
             Both:        1.01 GB reserved,       5.00 MB ( <1%) committed 

Chunk freelists:
   Non-Class:  14.00 KB
       Class:  5.00 KB
        Both:  19.00 KB

MaxMetaspaceSize: 17179869184.00 GB
CompressedClassSpaceSize: 1.00 GB

CodeHeap 'non-profiled nmethods': size=120000Kb used=128Kb max_used=128Kb free=119871Kb
 bounds [0x0000019ba5150000, 0x0000019ba53c0000, 0x0000019bac680000]
CodeHeap 'profiled nmethods': size=120000Kb used=576Kb max_used=576Kb free=119423Kb
 bounds [0x0000019b9dc20000, 0x0000019b9de90000, 0x0000019ba5150000]
CodeHeap 'non-nmethods': size=5760Kb used=1227Kb max_used=1247Kb free=4532Kb
 bounds [0x0000019b9d680000, 0x0000019b9d8f0000, 0x0000019b9dc20000]
 total_blobs=1193 nmethods=411 adapters=299
 compilation: enabled
              stopped_count=0, restarted_count=0
 full_count=0

Compilation events (20 events):
Event: 348.895 Thread 0x0000019bb473c000  411       3       org.eclipse.jdt.launching.internal.org.objectweb.asm.ClassReader::readUtf (161 bytes)
Event: 348.896 Thread 0x0000019bb473c000 nmethod 411 0x0000019b9dcac210 code [0x0000019b9dcac400, 0x0000019b9dcaca18]
Event: 348.897 Thread 0x0000019bb473c000  412       3       org.eclipse.jdt.launching.internal.org.objectweb.asm.ClassReader::readUtf (44 bytes)
Event: 348.897 Thread 0x0000019bb473c000 nmethod 412 0x0000019b9dcace10 code [0x0000019b9dcacfe0, 0x0000019b9dcad4a8]
Event: 348.897 Thread 0x0000019bb473c000  409       3       java.lang.String::<init> (74 bytes)
Event: 348.898 Thread 0x0000019bb473c000 nmethod 409 0x0000019b9dcad710 code [0x0000019b9dcad900, 0x0000019b9dcadfb8]
Event: 398.952 Thread 0x0000019bb473c000  414       3       org.eclipse.jdt.launching.internal.org.objectweb.asm.ByteVector::putUTF8 (144 bytes)
Event: 398.955 Thread 0x0000019bb473c000 

Event: 398.955 Thread 0x0000019bb473c000  413       3       org.eclipse.jdt.launching.internal.org.objectweb.asm.ByteVector::put12 (64 bytes)
Event: 398.955 Thread 0x0000019bb473c000 nmethod 413 0x0000019b9dcae290 code [0x0000019b9dcae440, 0x0000019b9dcae688]
Event: 398.955 Thread 0x0000019bb473c000  415       3       org.eclipse.jdt.launching.internal.org.objectweb.asm.ClassReader::createDebugLabel (23 bytes)
Event: 398.956 Thread 0x0000019bb473c000 nmethod 415 0x0000019b9dcae810 code [0x0000019b9dcae9e0, 0x0000019b9dcaef38]
Event: 398.956 Thread 0x0000019bb473c000  416       1       org.eclipse.jdt.launching.internal.org.objectweb.asm.SymbolTable::getMajorVersion (5 bytes)
Event: 398.956 Thread 0x0000019bb473c000 nmethod 416 0x0000019ba516fd90 code [0x0000019ba516ff20, 0x0000019ba516fff8]
Event: 566.346 Thread 0x0000019bb473c000  417       3       org.eclipse.jdt.launching.internal.org.objectweb.asm.MethodWriter::visitInsn (115 bytes)
Event: 566.347 Thread 0x0000019bb473c000 nmethod 417 0x0000019b9dcaf110 code [0x0000019b9dcaf300, 0x0000019b9dcaf7c8]
Event: 566.347 Thread 0x0000019bb473c000  418       3       org.eclipse.jdt.launching.internal.org.objectweb.asm.ClassReader::readClass (7 bytes)
Event: 566.347 Thread 0x0000019bb473c000 nmethod 418 0x0000019b9dcaf990 code [0x0000019b9dcafb60, 0x0000019b9dcaffe8]
Event: 566.347 Thread 0x0000019bb473c000  419       3       org.eclipse.jdt.launching.internal.org.objectweb.asm.ClassReader::readStringish (16 bytes)
Event: 566.350 Thread 0x0000019bb473c000 


GC Heap History (0 events):
No events

Deoptimization events (20 events):
Event: 0.230 Thread 0x0000019b936bb800 DEOPT PACKING pc=0x0000019b9dc90b81 sp=0x00000017ef5f8100
Event: 0.230 Thread 0x0000019b936bb800 DEOPT UNPACKING pc=0x0000019b9d6c964e sp=0x00000017ef5f75c8 mode 0
Event: 0.230 Thread 0x0000019b936bb800 DEOPT PACKING pc=0x0000019b9dc90b81 sp=0x00000017ef5f8100
Event: 0.230 Thread 0x0000019b936bb800 DEOPT UNPACKING pc=0x0000019b9d6c964e sp=0x00000017ef5f75c8 mode 0
Event: 0.230 Thread 0x0000019b936bb800 DEOPT PACKING pc=0x0000019b9dc90b81 sp=0x00000017ef5f8100
Event: 0.230 Thread 0x0000019b936bb800 DEOPT UNPACKING pc=0x0000019b9d6c964e sp=0x00000017ef5f75c8 mode 0
Event: 0.230 Thread 0x0000019b936bb800 DEOPT PACKING pc=0x0000019b9dc90b81 sp=0x00000017ef5f8100
Event: 0.230 Thread 0x0000019b936bb800 DEOPT UNPACKING pc=0x0000019b9d6c964e sp=0x00000017ef5f75c8 mode 0
Event: 0.231 Thread 0x0000019b936bb800 DEOPT PACKING pc=0x0000019b9dc90b81 sp=0x00000017ef5f8100
Event: 0.231 Thread 0x0000019b936bb800 DEOPT UNPACKING pc=0x0000019b9d6c964e sp=0x00000017ef5f75c8 mode 0
Event: 0.232 Thread 0x0000019b936bb800 DEOPT PACKING pc=0x0000019b9dc90b81 sp=0x00000017ef5fbb70
Event: 0.232 Thread 0x0000019b936bb800 DEOPT UNPACKING pc=0x0000019b9d6c964e sp=0x00000017ef5fb038 mode 0
Event: 0.233 Thread 0x0000019b936bb800 DEOPT PACKING pc=0x0000019b9dc90b81 sp=0x00000017ef5fbb70
Event: 0.233 Thread 0x0000019b936bb800 DEOPT UNPACKING pc=0x0000019b9d6c964e sp=0x00000017ef5fb038 mode 0
Event: 0.233 Thread 0x0000019b936bb800 DEOPT PACKING pc=0x0000019b9dc90b81 sp=0x00000017ef5fbb70
Event: 0.233 Thread 0x0000019b936bb800 DEOPT UNPACKING pc=0x0000019b9d6c964e sp=0x00000017ef5fb038 mode 0
Event: 0.233 Thread 0x0000019b936bb800 DEOPT PACKING pc=0x0000019b9dc90b81 sp=0x00000017ef5fbb70
Event: 0.233 Thread 0x0000019b936bb800 DEOPT UNPACKING pc=0x0000019b9d6c964e sp=0x00000017ef5fb038 mode 0
Event: 0.237 Thread 0x0000019b936bb800 DEOPT PACKING pc=0x0000019b9dc90b81 sp=0x00000017ef5fbbe0
Event: 0.237 Thread 0x0000019b936bb800 DEOPT UNPACKING pc=0x0000019b9d6c964e sp=0x00000017ef5fb0a8 mode 0

Classes unloaded (0 events):
No events

Classes redefined (6 events):
Event: 57.115 Thread 0x0000019bb470c800 redefined class name=task1.ReverseCharacter, count=1
Event: 96.657 Thread 0x0000019bb470c800 redefined class name=task1.ReverseCharacter, count=2
Event: 178.958 Thread 0x0000019bb470c800 redefined class name=task1.ReverseCharacter, count=3
Event: 348.893 Thread 0x0000019bb470c800 redefined class name=task1.ReverseCharacter, count=4
Event: 398.953 Thread 0x0000019bb470c800 redefined class name=task1.ReverseCharacter, count=5
Event: 566.348 Thread 0x0000019bb470c800 redefined class name=task1.ReverseCharacter, count=6

Internal exceptions (1 events):
Event: 594.027 Thread 0x0000019bb51e1000 Exception <a 'java/lang/LinkageError'{0x000000008929d090}> (0x000000008929d090) 
thrown [./open/src/hotspot/share/oops/generateOopMap.cpp, line 2140]

Events (20 events):
Event: 398.995 Executing VM operation: GetFrameCount
Event: 398.995 Executing VM operation: GetFrameCount done
Event: 398.995 Executing VM operation: GetOwnedMonitorInfo
Event: 398.995 Executing VM operation: GetOwnedMonitorInfo done
Event: 398.996 Executing VM operation: GetCurrentContendedMonitor
Event: 398.996 Executing VM operation: GetCurrentContendedMonitor done
Event: 566.348 Executing VM operation: RedefineClasses
Event: 566.350 Executing VM operation: RedefineClasses done
Event: 566.356 Executing VM operation: ChangeBreakpoints
Event: 566.357 Executing VM operation: ChangeBreakpoints done
Event: 566.359 Executing VM operation: GetFrameCount
Event: 566.359 Executing VM operation: GetFrameCount done
Event: 566.359 Executing VM operation: GetStackTrace
Event: 566.359 Executing VM operation: GetStackTrace done
Event: 566.698 Executing VM operation: GetFrameCount
Event: 566.698 Executing VM operation: GetFrameCount done
Event: 566.698 Executing VM operation: GetOwnedMonitorInfo
Event: 566.698 Executing VM operation: GetOwnedMonitorInfo done
Event: 566.699 Executing VM operation: GetCurrentContendedMonitor
Event: 566.699 Executing VM operation: GetCurrentContendedMonitor done


Dynamic libraries:
0x00007ff65fe80000 - 0x00007ff65fe8f000 	C:\Program Files\Java\jdk-14.0.1\bin\javaw.exe
0x00007ff8d90c0000 - 0x00007ff8d92b0000 	C:\WINDOWS\SYSTEM32\ntdll.dll
0x00007ff8d7c40000 - 0x00007ff8d7cf2000 	C:\WINDOWS\System32\KERNEL32.DLL
0x00007ff8d6740000 - 0x00007ff8d69e4000 	C:\WINDOWS\System32\KERNELBASE.dll
0x00007ff8d62e0000 - 0x00007ff8d63da000 	C:\WINDOWS\System32\ucrtbase.dll
0x00007ff8d2a60000 - 0x00007ff8d2a78000 	C:\Program Files\Java\jdk-14.0.1\bin\jli.dll
0x00007ff8d0eb0000 - 0x00007ff8d0ec5000 	C:\Program Files\Java\jdk-14.0.1\bin\VCRUNTIME140.dll
0x00007ff8d83f0000 - 0x00007ff8d8493000 	C:\WINDOWS\System32\ADVAPI32.dll
0x00007ff8d7ac0000 - 0x00007ff8d7b5e000 	C:\WINDOWS\System32\msvcrt.dll
0x00007ff8d8de0000 - 0x00007ff8d8e77000 	C:\WINDOWS\System32\sechost.dll
0x00007ff8d8ae0000 - 0x00007ff8d8c00000 	C:\WINDOWS\System32\RPCRT4.dll
0x00007ff8d87e0000 - 0x00007ff8d8975000 	C:\WINDOWS\System32\USER32.dll
0x00007ff8d71a0000 - 0x00007ff8d71c1000 	C:\WINDOWS\System32\win32u.dll
0x00007ff8d8c70000 - 0x00007ff8d8c96000 	C:\WINDOWS\System32\GDI32.dll
0x00007ff8bedd0000 - 0x00007ff8bf054000 	C:\WINDOWS\WinSxS\amd64_microsoft.windows.common-controls_6595b64144ccf1df_6.0.18362.1016_none_9e7a36bbe461dae4\COMCTL32.dll
0x00007ff8d60a0000 - 0x00007ff8d6236000 	C:\WINDOWS\System32\gdi32full.dll
0x00007ff8d7770000 - 0x00007ff8d7aa5000 	C:\WINDOWS\System32\combase.dll
0x00007ff8d6240000 - 0x00007ff8d62de000 	C:\WINDOWS\System32\msvcp_win.dll
0x00007ff8d65e0000 - 0x00007ff8d6660000 	C:\WINDOWS\System32\bcryptPrimitives.dll
0x00007ff8cc140000 - 0x00007ff8cc14a000 	C:\WINDOWS\SYSTEM32\VERSION.dll
0x00007ff8d84a0000 - 0x00007ff8d84ce000 	C:\WINDOWS\System32\IMM32.DLL
0x00007ff8ccad0000 - 0x00007ff8ccb6b000 	C:\Program Files\Java\jdk-14.0.1\bin\msvcp140.dll
0x00007ff898bd0000 - 0x00007ff8996ee000 	C:\Program Files\Java\jdk-14.0.1\bin\server\jvm.dll
0x00007ff8d7ab0000 - 0x00007ff8d7ab8000 	C:\WINDOWS\System32\PSAPI.DLL
0x00007ff8c3480000 - 0x00007ff8c3489000 	C:\WINDOWS\SYSTEM32\WSOCK32.dll
0x00007ff8d40c0000 - 0x00007ff8d40e4000 	C:\WINDOWS\SYSTEM32\WINMM.dll
0x00007ff8d76f0000 - 0x00007ff8d775f000 	C:\WINDOWS\System32\WS2_32.dll
0x00007ff8d4090000 - 0x00007ff8d40bd000 	C:\WINDOWS\SYSTEM32\winmmbase.dll
0x00007ff8d63e0000 - 0x00007ff8d642a000 	C:\WINDOWS\System32\cfgmgr32.dll
0x00007ff8d6010000 - 0x00007ff8d6021000 	C:\WINDOWS\System32\kernel.appcore.dll
0x00007ff8cedf0000 - 0x00007ff8cedfa000 	C:\Program Files\Java\jdk-14.0.1\bin\jimage.dll
0x00007ff8c1ac0000 - 0x00007ff8c1cb4000 	C:\WINDOWS\SYSTEM32\DBGHELP.DLL
0x00007ff8c1350000 - 0x00007ff8c137a000 	C:\WINDOWS\SYSTEM32\dbgcore.DLL
0x00007ff8cca90000 - 0x00007ff8ccac8000 	C:\Program Files\Java\jdk-14.0.1\bin\jdwp.dll
0x00007ff8cb5f0000 - 0x00007ff8cb615000 	C:\Program Files\Java\jdk-14.0.1\bin\java.dll
0x00007ff8d1530000 - 0x00007ff8d153e000 	C:\Program Files\Java\jdk-14.0.1\bin\instrument.dll
0x00007ff8cb5d0000 - 0x00007ff8cb5e6000 	C:\Program Files\Java\jdk-14.0.1\bin\zip.dll
0x00007ff8d7d00000 - 0x00007ff8d83e7000 	C:\WINDOWS\System32\SHELL32.dll
0x00007ff8d8f00000 - 0x00007ff8d8fa9000 	C:\WINDOWS\System32\shcore.dll
0x00007ff8d6a10000 - 0x00007ff8d7192000 	C:\WINDOWS\System32\windows.storage.dll
0x00007ff8d5fe0000 - 0x00007ff8d6003000 	C:\WINDOWS\System32\profapi.dll
0x00007ff8d6030000 - 0x00007ff8d607a000 	C:\WINDOWS\System32\powrprof.dll
0x00007ff8d5fd0000 - 0x00007ff8d5fe0000 	C:\WINDOWS\System32\UMPDC.dll
0x00007ff8d7be0000 - 0x00007ff8d7c32000 	C:\WINDOWS\System32\shlwapi.dll
0x00007ff8d69f0000 - 0x00007ff8d6a07000 	C:\WINDOWS\System32\cryptsp.dll
0x00007ff8d1470000 - 0x00007ff8d147b000 	C:\Program Files\Java\jdk-14.0.1\bin\dt_socket.dll
0x00007ff8d54e0000 - 0x00007ff8d551a000 	C:\WINDOWS\SYSTEM32\IPHLPAPI.DLL
0x00007ff8d57d0000 - 0x00007ff8d5837000 	C:\WINDOWS\system32\mswsock.dll
0x00007ff8d5530000 - 0x00007ff8d55fb000 	C:\WINDOWS\SYSTEM32\DNSAPI.dll
0x00007ff8d7760000 - 0x00007ff8d7768000 	C:\WINDOWS\System32\NSI.dll
0x00007ff8c5a20000 - 0x00007ff8c5a2a000 	C:\Windows\System32\rasadhlp.dll
0x00007ff8d0430000 - 0x00007ff8d04a7000 	C:\WINDOWS\System32\fwpuclnt.dll
0x00007ff8d6710000 - 0x00007ff8d6736000 	C:\WINDOWS\System32\bcrypt.dll
0x00007ff8cb5b0000 - 0x00007ff8cb5c9000 	C:\Program Files\Java\jdk-14.0.1\bin\net.dll
0x00007ff8d1a50000 - 0x00007ff8d1b40000 	C:\WINDOWS\SYSTEM32\WINHTTP.dll
0x00007ff8cb590000 - 0x00007ff8cb5a2000 	C:\Program Files\Java\jdk-14.0.1\bin\nio.dll
0x00007ff8ce0a0000 - 0x00007ff8ce0b0000 	C:\Program Files\Java\jdk-14.0.1\bin\verify.dll

dbghelp: loaded successfully - version: 4.0.5 - missing functions: none
symbol engine: initialized successfully - sym options: 0x614 - pdb path: .;C:\Program Files\Java\jdk-14.0.1\bin;C:\WINDOWS\SYSTEM32;C:\WINDOWS\WinSxS\amd64_microsoft.windows.common-controls_6595b64144ccf1df_6.0.18362.1016_none_9e7a36bbe461dae4;C:\Program Files\Java\jdk-14.0.1\bin\server

VM Arguments:
jvm_args: -agentlib:jdwp=transport=dt_socket,suspend=y,address=localhost:51256 -javaagent:C:\Users\Pankaj\java-2020-032\eclipse\configuration\org.eclipse.osgi\223\0\.cp\lib\javaagent-shaded.jar -Dfile.encoding=Cp1252 
java_command: task1.ReverseCharacter
java_class_path (initial): D:\Hefshine\Booklet solve\Task\bin
Launcher Type: SUN_STANDARD

[Global flags]
     intx CICompilerCount                          = 4                                         {product} {ergonomic}
     uint ConcGCThreads                            = 2                                         {product} {ergonomic}
     uint G1ConcRefinementThreads                  = 8                                         {product} {ergonomic}
   size_t G1HeapRegionSize                         = 1048576                                   {product} {ergonomic}
    uintx GCDrainStackTargetSize                   = 64                                        {product} {ergonomic}
   size_t InitialHeapSize                          = 134217728                                 {product} {ergonomic}
   size_t MarkStackSize                            = 4194304                                   {product} {ergonomic}
   size_t MaxHeapSize                              = 2126512128                                {product} {ergonomic}
   size_t MaxNewSize                               = 1275068416                                {product} {ergonomic}
   size_t MinHeapDeltaBytes                        = 1048576                                   {product} {ergonomic}
   size_t MinHeapSize                              = 8388608                                   {product} {ergonomic}
    uintx NonNMethodCodeHeapSize                   = 5839372                                {pd product} {ergonomic}
    uintx NonProfiledCodeHeapSize                  = 122909434                              {pd product} {ergonomic}
    uintx ProfiledCodeHeapSize                     = 122909434                              {pd product} {ergonomic}
    uintx ReservedCodeCacheSize                    = 251658240                              {pd product} {ergonomic}
     bool SegmentedCodeCache                       = true                                      {product} {ergonomic}
   size_t SoftMaxHeapSize                          = 2126512128                             {manageable} {ergonomic}
     bool UseCompressedClassPointers               = true                                 {lp64_product} {ergonomic}
     bool UseCompressedOops                        = true                                 {lp64_product} {ergonomic}
     bool UseG1GC                                  = true                                      {product} {ergonomic}
     bool UseLargePagesIndividualAllocation        = false                                  {pd product} {ergonomic}

Logging:
Log output configuration:
 #0: stdout all=warning uptime,level,tags
 #1: stderr all=off uptime,level,tags

Environment Variables:
PATH=C:/Program Files/Java/jdk-14.0.1/bin/server;C:/Program Files/Java/jdk-14.0.1/bin;C:\Program Files (x86)\Common Files\Oracle\Java\javapath;C:\WINDOWS\system32;C:\WINDOWS;C:\WINDOWS\System32\Wbem;C:\WINDOWS\System32\WindowsPowerShell\v1.0\;C:\WINDOWS\System32\OpenSSH\;C:\Program Files\nodejs\;C:\Users\Pankaj\AppData\Local\Microsoft\WindowsApps;C:\Users\Pankaj\AppData\Roaming\npm;C:\Users\Pankaj\AppData\Local\Programs\Microsoft VS Code\bin;C:\Users\Pankaj\Desktop;
USERNAME=Pankaj
OS=Windows_NT
PROCESSOR_IDENTIFIER=Intel64 Family 6 Model 142 Stepping 10, GenuineIntel



---------------  S Y S T E M  ---------------

OS: Windows 10 , 64 bit Build 18362 (10.0.18362.959)
OS uptime: 0 days 12:01 hours

CPU:total 8 (initial active 8) (4 cores per cpu, 2 threads per core) family 6 model 142 stepping 10, cmov, cx8, fxsr, mmx, sse, sse2, sse3, ssse3, sse4.1, sse4.2, popcnt, avx, avx2, aes, clmul, erms, 3dnowpref, lzcnt, ht, tsc, tscinvbit, bmi1, bmi2, adx, fma

Memory: 4k page, system-wide physical 8108M (3673M free)
TotalPageFile size 9388M (AvailPageFile size 3935M)
current process WorkingSet (physical memory assigned to process): 40M, peak: 42M
current process commit charge ("private bytes"): 216M, peak: 218M

vm_info: Java HotSpot(TM) 64-Bit Server VM (14.0.1+7) for windows-amd64 JRE (14.0.1+7), built on Mar  5 2020 10:30:14 by "mach5one" with MS VC++ 15.9 (VS2017)

END.
